<?xml version="1.0" encoding="UTF-8"?>
<coverage generated="1706377107328" clover="3.2.0">
  <project timestamp="1706377107328" name="All files">
    <metrics statements="7" coveredstatements="7" conditionals="2" coveredconditionals="2" methods="2" coveredmethods="2" elements="11" coveredelements="11" complexity="0" loc="7" ncloc="7" packages="1" files="2" classes="2"/>
    <file name="Button.tsx" path="/Users/jsandvik/Projects/Blckroot-React-Component-Library/src/components/atoms/button/Button.tsx">
      <metrics statements="3" coveredstatements="3" conditionals="0" coveredconditionals="0" methods="1" coveredmethods="1"/>
      <line num="1" count="1" type="stmt"/>
      <line num="11" count="6" type="stmt"/>
      <line num="22" count="1" type="stmt"/>
    </file>
    <file name="Button.types.ts" path="/Users/jsandvik/Projects/Blckroot-React-Component-Library/src/components/atoms/button/Button.types.ts">
      <metrics statements="4" coveredstatements="4" conditionals="2" coveredconditionals="2" methods="1" coveredmethods="1"/>
      <line num="3" count="1" type="cond" truecount="2" falsecount="0"/>
      <line num="4" count="1" type="stmt"/>
      <line num="5" count="1" type="stmt"/>
      <line num="6" count="1" type="stmt"/>
    </file>
  </project>
</coverage>
