{"/Users/jsandvik/Projects/Blckroot-React-Component-Library/src/components/atoms/button/Button.tsx": {"path":"/Users/jsandvik/Projects/Blckroot-React-Component-Library/src/components/atoms/button/Button.tsx","statementMap":{"0":{"start":{"line":1,"column":0},"end":{"line":1,"column":26}},"1":{"start":{"line":11,"column":4},"end":{"line":19,"column":6}},"2":{"start":{"line":22,"column":0},"end":{"line":22,"column":22}}},"fnMap":{"0":{"name":"Button","decl":{"start":{"line":4,"column":9},"end":{"line":4,"column":15}},"loc":{"start":{"line":10,"column":14},"end":{"line":20,"column":1}}}},"branchMap":{},"s":{"0":1,"1":6,"2":1},"f":{"0":6},"b":{}}
,"/Users/jsandvik/Projects/Blckroot-React-Component-Library/src/components/atoms/button/Button.types.ts": {"path":"/Users/jsandvik/Projects/Blckroot-React-Component-Library/src/components/atoms/button/Button.types.ts","statementMap":{"0":{"start":{"line":3,"column":0},"end":{"line":3,"column":null}},"1":{"start":{"line":4,"column":4},"end":{"line":4,"column":null}},"2":{"start":{"line":5,"column":4},"end":{"line":5,"column":null}},"3":{"start":{"line":6,"column":4},"end":{"line":6,"column":null}}},"fnMap":{"0":{"name":"(anonymous_0)","decl":{"start":{"line":3,"column":0},"end":{"line":3,"column":12}},"loc":{"start":{"line":3,"column":23},"end":{"line":7,"column":1}}}},"branchMap":{"0":{"loc":{"start":{"line":3,"column":12},"end":{"line":3,"column":null}},"type":"binary-expr","locations":[{"start":{"line":3,"column":12},"end":{"line":3,"column":23}},{"start":{"line":3,"column":23},"end":{"line":3,"column":null}}]}},"s":{"0":1,"1":1,"2":1,"3":1},"f":{"0":1},"b":{"0":[1,1]}}
}
